[    0.000000] Initializing cgroup subsys cpuset
[    0.000000] Initializing cgroup subsys cpu
[    0.000000] Initializing cgroup subsys cpuacct
[    0.000000] Linux version 4.4.0-78-generic (buildd@lgw01-11) (gcc version 5.4.0 20160609 (Ubuntu 5.4.0-6ubuntu1~16.04.4) ) #99-Ubuntu SMP Thu Apr 27 15:29:09 UTC 2017 (Ubuntu 4.4.0-78.99-generic 4.4.62)
[    0.000000] Command line: BOOT_IMAGE=/boot/vmlinuz-4.4.0-78-generic root=LABEL=cloudimg-rootfs ro console=tty1 console=ttyS0
[    0.000000] KERNEL supported cpus:
[    0.000000]   Intel GenuineIntel
[    0.000000]   AMD AuthenticAMD
[    0.000000]   Centaur CentaurHauls
[    0.000000] x86/fpu: xstate_offset[2]:  576, xstate_sizes[2]:  256
[    0.000000] x86/fpu: Supporting XSAVE feature 0x01: 'x87 floating point registers'
[    0.000000] x86/fpu: Supporting XSAVE feature 0x02: 'SSE registers'
[    0.000000] x86/fpu: Supporting XSAVE feature 0x04: 'AVX registers'
[    0.000000] x86/fpu: Enabled xstate features 0x7, context size is 832 bytes, using 'standard' format.
[    0.000000] x86/fpu: Using 'lazy' FPU context switches.
[    0.000000] e820: BIOS-provided physical RAM map:
[    0.000000] BIOS-e820: [mem 0x0000000000000000-0x000000000009fbff] usable
[    0.000000] BIOS-e820: [mem 0x000000000009fc00-0x000000000009ffff] reserved
[    0.000000] BIOS-e820: [mem 0x00000000000f0000-0x00000000000fffff] reserved
[    0.000000] BIOS-e820: [mem 0x0000000000100000-0x000000003ffeffff] usable
[    0.000000] BIOS-e820: [mem 0x000000003fff0000-0x000000003fffffff] ACPI data
[    0.000000] BIOS-e820: [mem 0x00000000fec00000-0x00000000fec00fff] reserved
[    0.000000] BIOS-e820: [mem 0x00000000fee00000-0x00000000fee00fff] reserved
[    0.000000] BIOS-e820: [mem 0x00000000fffc0000-0x00000000ffffffff] reserved
[    0.000000] NX (Execute Disable) protection: active
[    0.000000] SMBIOS 2.5 present.
[    0.000000] Hypervisor detected: KVM
[    0.000000] e820: last_pfn = 0x3fff0 max_arch_pfn = 0x400000000
[    0.000000] MTRR: Disabled
[    0.000000] x86/PAT: MTRRs disabled, skipping PAT initialization too.
[    0.000000] x86/PAT: Configuration [0-7]: WB  WT  UC- UC  WB  WT  UC- UC  
[    0.000000] CPU MTRRs all blank - virtualized system.
[    0.000000] found SMP MP-table at [mem 0x0009fff0-0x0009ffff] mapped at [ffff88000009fff0]
[    0.000000] Scanning 1 areas for low memory corruption
[    0.000000] RAMDISK: [mem 0x36aba000-0x37554fff]
[    0.000000] ACPI: Early table checksum verification disabled
[    0.000000] ACPI: RSDP 0x00000000000E0000 000024 (v02 VBOX  )
[    0.000000] ACPI: XSDT 0x000000003FFF0030 00003C (v01 VBOX   VBOXXSDT 00000001 ASL  00000061)
[    0.000000] ACPI: FACP 0x000000003FFF00F0 0000F4 (v04 VBOX   VBOXFACP 00000001 ASL  00000061)
[    0.000000] ACPI: DSDT 0x000000003FFF0470 0021C8 (v02 VBOX   VBOXBIOS 00000002 INTL 20100528)
[    0.000000] ACPI: FACS 0x000000003FFF0200 000040
[    0.000000] ACPI: FACS 0x000000003FFF0200 000040
[    0.000000] ACPI: APIC 0x000000003FFF0240 00005C (v02 VBOX   VBOXAPIC 00000001 ASL  00000061)
[    0.000000] ACPI: SSDT 0x000000003FFF02A0 0001CC (v01 VBOX   VBOXCPUT 00000002 INTL 20100528)
[    0.000000] No NUMA configuration found
[    0.000000] Faking a node at [mem 0x0000000000000000-0x000000003ffeffff]
[    0.000000] NODE_DATA(0) allocated [mem 0x3ffeb000-0x3ffeffff]
[    0.000000] kvm-clock: Using msrs 4b564d01 and 4b564d00
[    0.000000] kvm-clock: cpu 0, msr 0:3ffe3001, primary cpu clock
[    0.000000] kvm-clock: using sched offset of 3026145585 cycles
[    0.000000] clocksource: kvm-clock: mask: 0xffffffffffffffff max_cycles: 0x1cd42e4dffb, max_idle_ns: 881590591483 ns
[    0.000000] Zone ranges:
[    0.000000]   DMA      [mem 0x0000000000001000-0x0000000000ffffff]
[    0.000000]   DMA32    [mem 0x0000000001000000-0x000000003ffeffff]
[    0.000000]   Normal   empty
[    0.000000]   Device   empty
[    0.000000] Movable zone start for each node
[    0.000000] Early memory node ranges
[    0.000000]   node   0: [mem 0x0000000000001000-0x000000000009efff]
[    0.000000]   node   0: [mem 0x0000000000100000-0x000000003ffeffff]
[    0.000000] Initmem setup node 0 [mem 0x0000000000001000-0x000000003ffeffff]
[    0.000000] ACPI: PM-Timer IO Port: 0x4008
[    0.000000] IOAPIC[0]: apic_id 2, version 32, address 0xfec00000, GSI 0-23
[    0.000000] ACPI: INT_SRC_OVR (bus 0 bus_irq 0 global_irq 2 dfl dfl)
[    0.000000] ACPI: INT_SRC_OVR (bus 0 bus_irq 9 global_irq 9 high level)
[    0.000000] Using ACPI (MADT) for SMP configuration information
[    0.000000] smpboot: Allowing 2 CPUs, 0 hotplug CPUs
[    0.000000] PM: Registered nosave memory: [mem 0x00000000-0x00000fff]
[    0.000000] PM: Registered nosave memory: [mem 0x0009f000-0x0009ffff]
[    0.000000] PM: Registered nosave memory: [mem 0x000a0000-0x000effff]
[    0.000000] PM: Registered nosave memory: [mem 0x000f0000-0x000fffff]
[    0.000000] e820: [mem 0x40000000-0xfebfffff] available for PCI devices
[    0.000000] Booting paravirtualized kernel on KVM
[    0.000000] clocksource: refined-jiffies: mask: 0xffffffff max_cycles: 0xffffffff, max_idle_ns: 7645519600211568 ns
[    0.000000] setup_percpu: NR_CPUS:512 nr_cpumask_bits:512 nr_cpu_ids:2 nr_node_ids:1
[    0.000000] PERCPU: Embedded 33 pages/cpu @ffff88003fc00000 s98264 r8192 d28712 u1048576
[    0.000000] PV qspinlock hash table entries: 256 (order: 0, 4096 bytes)
[    0.000000] Built 1 zonelists in Node order, mobility grouping on.  Total pages: 257913
[    0.000000] Policy zone: DMA32
[    0.000000] Kernel command line: BOOT_IMAGE=/boot/vmlinuz-4.4.0-78-generic root=LABEL=cloudimg-rootfs ro console=tty1 console=ttyS0
[    0.000000] PID hash table entries: 4096 (order: 3, 32768 bytes)
[    0.000000] Memory: 1001720K/1048120K available (8469K kernel code, 1294K rwdata, 3984K rodata, 1484K init, 1316K bss, 46400K reserved, 0K cma-reserved)
[    0.000000] SLUB: HWalign=64, Order=0-3, MinObjects=0, CPUs=2, Nodes=1
[    0.000000] Hierarchical RCU implementation.
[    0.000000] 	Build-time adjustment of leaf fanout to 64.
[    0.000000] 	RCU restricting CPUs from NR_CPUS=512 to nr_cpu_ids=2.
[    0.000000] RCU: Adjusting geometry for rcu_fanout_leaf=64, nr_cpu_ids=2
[    0.000000] NR_IRQS:33024 nr_irqs:440 16
[    0.000000] Console: colour VGA+ 80x25
[    0.000000] console [tty1] enabled
[    0.000000] console [ttyS0] enabled
[    0.000000] tsc: Detected 2194.918 MHz processor
[    8.672313] Calibrating delay loop (skipped) preset value.. 4389.83 BogoMIPS (lpj=8779672)
[    8.813267] pid_max: default: 32768 minimum: 301
[    8.869647] ACPI: Core revision 20150930
[    8.937556] ACPI: 2 ACPI AML tables successfully acquired and loaded
[    9.019866] Security Framework initialized
[    9.085695] Yama: becoming mindful.
[    9.127628] AppArmor: AppArmor initialized
[    9.205685] Dentry cache hash table entries: 131072 (order: 8, 1048576 bytes)
[    9.311524] Inode-cache hash table entries: 65536 (order: 7, 524288 bytes)
[    9.362718] Mount-cache hash table entries: 2048 (order: 2, 16384 bytes)
[    9.406511] Mountpoint-cache hash table entries: 2048 (order: 2, 16384 bytes)
[    9.529119] Initializing cgroup subsys io
[    9.582526] Initializing cgroup subsys memory
[    9.639545] Initializing cgroup subsys devices
[    9.709606] Initializing cgroup subsys freezer
[    9.775925] Initializing cgroup subsys net_cls
[    9.832656] Initializing cgroup subsys perf_event
[    9.905390] Initializing cgroup subsys net_prio
[    9.972724] Initializing cgroup subsys hugetlb
[   10.044117] Initializing cgroup subsys pids
[   10.106839] CPU: Physical Processor ID: 0
[   10.180124] CPU: Processor Core ID: 0
[   10.255086] mce: CPU supports 0 MCE banks
[   10.331480] Last level iTLB entries: 4KB 1024, 2MB 1024, 4MB 1024
[   10.425789] Last level dTLB entries: 4KB 1024, 2MB 1024, 4MB 1024, 1GB 4
[   10.502327] Freeing SMP alternatives memory: 32K (ffffffff820b8000 - ffffffff820c0000)
[   10.514851] ftrace: allocating 32120 entries in 126 pages
[   10.645696] smpboot: APIC(0) Converting physical 0 to logical package 0
[   10.761491] smpboot: Max logical packages: 1
[   10.842869] x2apic enabled
[   10.898208] Switched APIC routing to physical x2apic.
[   11.010763] ..TIMER: vector=0x30 apic1=0 pin1=2 apic2=-1 pin2=-1
[   11.255731] smpboot: CPU0: Intel(R) Core(TM) i7-4770HQ CPU @ 2.20GHz (family: 0x6, model: 0x46, stepping: 0x1)
[   11.470537] Performance Events: unsupported p6 CPU model 70 no PMU driver, software events only.
[   11.589129] KVM setup paravirtual spinlock
[   11.620779] x86: Booting SMP configuration:
[   11.711163] .... node  #0, CPUs:      #1
[   11.796688] kvm-clock: cpu 1, msr 0:3ffe3041, secondary cpu clock
[   11.807985] mce: CPU supports 0 MCE banks
[   11.865395] x86: Booted up 1 node, 2 CPUs
[   11.954998] smpboot: Total of 2 processors activated (8779.67 BogoMIPS)
[   12.105953] devtmpfs: initialized
[   12.169008] evm: security.selinux
[   12.238174] evm: security.SMACK64
[   12.300078] evm: security.SMACK64EXEC
[   12.402555] evm: security.SMACK64TRANSMUTE
[   12.477938] evm: security.SMACK64MMAP
[   12.508105] evm: security.ima
[   12.528771] evm: security.capability
[   12.550109] clocksource: jiffies: mask: 0xffffffff max_cycles: 0xffffffff, max_idle_ns: 7645041785100000 ns
[   12.557721] futex hash table entries: 512 (order: 3, 32768 bytes)
[   12.599873] pinctrl core: initialized pinctrl subsystem
[   12.622579] RTC time: 15:25:06, date: 06/07/17
[   12.645063] NET: Registered protocol family 16
[   12.683541] cpuidle: using governor ladder
[   12.715444] cpuidle: using governor menu
[   12.754375] PCCT header not found.
[   12.817743] ACPI: bus type PCI registered
[   12.885049] acpiphp: ACPI Hot Plug PCI Controller Driver version: 0.5
[   12.998456] PCI: Using configuration type 1 for base access
[   13.133216] ACPI: Added _OSI(Module Device)
[   13.206300] ACPI: Added _OSI(Processor Device)
[   13.294692] ACPI: Added _OSI(3.0 _SCP Extensions)
[   13.394971] ACPI: Added _OSI(Processor Aggregator Device)
[   13.450103] ACPI: Executed 1 blocks of module-level executable AML code
[   13.562070] ACPI: Interpreter enabled
[   13.648639] ACPI: (supports S0 S5)
[   13.694237] ACPI: Using IOAPIC for interrupt routing
[   13.756883] PCI: Using host bridge windows from ACPI; if necessary, use "pci=nocrs" and report a bug
[   13.821266] ACPI: PCI Root Bridge [PCI0] (domain 0000 [bus 00-ff])
[   13.825129] acpi PNP0A03:00: _OSC: OS supports [ASPM ClockPM Segments MSI]
[   13.973269] acpi PNP0A03:00: _OSC failed (AE_NOT_FOUND); disabling ASPM
[   14.114899] acpi PNP0A03:00: fail to add MMCONFIG information, can't access extended PCI configuration space under this bridge.
[   14.311184] PCI host bridge to bus 0000:00
[   14.379609] pci_bus 0000:00: root bus resource [io  0x0000-0x0cf7 window]
[   14.519407] pci_bus 0000:00: root bus resource [io  0x0d00-0xffff window]
[   14.681194] pci_bus 0000:00: root bus resource [mem 0x000a0000-0x000bffff window]
[   14.829403] pci_bus 0000:00: root bus resource [mem 0x40000000-0xffdfffff window]
[   14.883127] pci_bus 0000:00: root bus resource [bus 00-ff]
[   14.905580] pci 0000:00:01.1: legacy IDE quirk: reg 0x10: [io  0x01f0-0x01f7]
[   14.970885] pci 0000:00:01.1: legacy IDE quirk: reg 0x14: [io  0x03f6]
[   15.110670] pci 0000:00:01.1: legacy IDE quirk: reg 0x18: [io  0x0170-0x0177]
[   15.217171] pci 0000:00:01.1: legacy IDE quirk: reg 0x1c: [io  0x0376]
[   15.354553] pci 0000:00:07.0: quirk: [io  0x4000-0x403f] claimed by PIIX4 ACPI
[   15.509696] pci 0000:00:07.0: quirk: [io  0x4100-0x410f] claimed by PIIX4 SMB
[   15.634429] ACPI: PCI Interrupt Link [LNKA] (IRQs 5 9 10 *11)
[   15.765251] ACPI: PCI Interrupt Link [LNKB] (IRQs 5 9 10 *11)
[   15.829248] ACPI: PCI Interrupt Link [LNKC] (IRQs 5 9 *10 11)
[   15.928050] ACPI: PCI Interrupt Link [LNKD] (IRQs 5 *9 10 11)
[   15.982353] ACPI: Enabled 2 GPEs in block 00 to 07
[   16.009940] vgaarb: setting as boot device: PCI:0000:00:02.0
[   16.034295] vgaarb: device added: PCI:0000:00:02.0,decodes=io+mem,owns=io+mem,locks=none
[   16.035739] vgaarb: loaded
[   16.036337] vgaarb: bridge control possible 0000:00:02.0
[   16.079177] SCSI subsystem initialized
[   16.158202] ACPI: bus type USB registered
[   16.249600] usbcore: registered new interface driver usbfs
[   16.368544] usbcore: registered new interface driver hub
[   16.459621] usbcore: registered new device driver usb
[   16.576427] PCI: Using ACPI for IRQ routing
[   16.652964] NetLabel: Initializing
[   16.726630] NetLabel:  domain hash size = 128
[   16.806117] NetLabel:  protocols = UNLABELED CIPSOv4
[   16.916904] NetLabel:  unlabeled traffic allowed by default
[   16.976609] amd_nb: Cannot enumerate AMD northbridges
[   16.993025] clocksource: Switched to clocksource kvm-clock
[   17.046444] AppArmor: AppArmor Filesystem Enabled
[   17.138790] pnp: PnP ACPI init
[   17.221012] pnp: PnP ACPI: found 3 devices
[   17.326858] clocksource: acpi_pm: mask: 0xffffff max_cycles: 0xffffff, max_idle_ns: 2085701024 ns
[   17.513223] NET: Registered protocol family 2
[   17.604251] TCP established hash table entries: 8192 (order: 4, 65536 bytes)
[   17.697317] TCP bind hash table entries: 8192 (order: 5, 131072 bytes)
[   17.849667] TCP: Hash tables configured (established 8192 bind 8192)
[   18.020690] UDP hash table entries: 512 (order: 2, 16384 bytes)
[   18.165515] UDP-Lite hash table entries: 512 (order: 2, 16384 bytes)
[   18.275358] NET: Registered protocol family 1
[   18.306826] pci 0000:00:00.0: Limiting direct PCI/PCI transfers
[   18.381714] pci 0000:00:01.0: Activating ISA DMA hang workarounds
[   18.502679] Unpacking initramfs...
[   20.223862] Freeing initrd memory: 10860K (ffff880036aba000 - ffff880037555000)
[   20.419504] platform rtc_cmos: registered platform RTC device (no PNP device found)
[   20.525937] Scanning for low memory corruption every 60 seconds
[   20.667660] audit: initializing netlink subsys (disabled)
[   20.780671] audit: type=2000 audit(1496849103.320:1): initialized
[   20.905654] Initialise system trusted keyring
[   20.988060] HugeTLB registered 2 MB page size, pre-allocated 0 pages
[   21.128387] zbud: loaded
[   21.187284] VFS: Disk quotas dquot_6.6.0
[   21.279364] VFS: Dquot-cache hash table entries: 512 (order 0, 4096 bytes)
[   21.430988] tsc: Refined TSC clocksource calibration: 2194.919 MHz
[   21.544839] clocksource: tsc: mask: 0xffffffffffffffff max_cycles: 0x1fa372fc492, max_idle_ns: 440795285018 ns
[   21.545376] squashfs: version 4.0 (2009/01/31) Phillip Lougher
[   21.868495] fuse init (API version 7.23)
[   21.982463] Key type big_key registered
[   22.062466] Allocating IMA MOK and blacklist keyrings.
[   22.198415] Key type asymmetric registered
[   22.273507] Asymmetric key parser 'x509' registered
[   22.368752] Block layer SCSI generic (bsg) driver version 0.4 loaded (major 249)
[   22.595909] io scheduler noop registered
[   22.642448] io scheduler deadline registered (default)
[   22.654568] io scheduler cfq registered
[   22.663140] pci_hotplug: PCI Hot Plug PCI Core version: 0.5
[   22.675285] pciehp: PCI Express Hot Plug Controller Driver version: 0.4
[   22.689358] ACPI: AC Adapter [AC] (on-line)
[   22.692617] input: Power Button as /devices/LNXSYSTM:00/LNXPWRBN:00/input/input0
[   22.695111] ACPI: Power Button [PWRF]
[   22.751108] input: Sleep Button as /devices/LNXSYSTM:00/LNXSLPBN:00/input/input1
[   22.971000] ACPI: Sleep Button [SLPF]
[   23.077218] ACPI: Battery Slot [BAT0] (battery present)
[   23.138969] GHES: HEST is not enabled!
[   23.217132] Serial: 8250/16550 driver, 32 ports, IRQ sharing enabled
[   23.371235] 00:02: ttyS0 at I/O 0x3f8 (irq = 4, base_baud = 115200) is a 16550A
[   23.490022] Linux agpgart interface v0.103
[   23.567737] loop: module loaded
[   23.626738] scsi host0: ata_piix
[   23.692652] scsi host1: ata_piix
[   23.751674] ata1: PATA max UDMA/33 cmd 0x1f0 ctl 0x3f6 bmdma 0xd000 irq 14
[   23.788882] ata2: PATA max UDMA/33 cmd 0x170 ctl 0x376 bmdma 0xd008 irq 15
[   23.860668] libphy: Fixed MDIO Bus: probed
[   23.936793] tun: Universal TUN/TAP device driver, 1.6
[   24.038385] tun: (C) 1999-2004 Max Krasnyansky <maxk@qualcomm.com>
[   24.162509] PPP generic driver version 2.4.2
[   24.235279] ehci_hcd: USB 2.0 'Enhanced' Host Controller (EHCI) Driver
[   24.305470] ehci-pci: EHCI PCI platform driver
[   24.379930] ehci-platform: EHCI generic platform driver
[   24.437370] ohci_hcd: USB 1.1 'Open' Host Controller (OHCI) Driver
[   24.541299] ohci-pci: OHCI PCI platform driver
[   24.616180] ohci-platform: OHCI generic platform driver
[   24.705333] uhci_hcd: USB Universal Host Controller Interface driver
[   24.807582] i8042: PNP: PS/2 Controller [PNP0303:PS2K,PNP0f03:PS2M] at 0x60,0x64 irq 1,12
[   24.820654] serio: i8042 KBD port at 0x60,0x64 irq 1
[   24.868017] serio: i8042 AUX port at 0x60,0x64 irq 12
[   24.881348] mousedev: PS/2 mouse device common for all mice
[   24.893449] input: AT Translated Set 2 keyboard as /devices/platform/i8042/serio0/input/input2
[   24.923049] rtc_cmos rtc_cmos: rtc core: registered rtc_cmos as rtc0
[   24.934326] rtc_cmos rtc_cmos: alarms up to one day, 114 bytes nvram
[   24.935390] i2c /dev entries driver
[   24.937509] device-mapper: uevent: version 1.0.3
[   24.997593] device-mapper: ioctl: 4.34.0-ioctl (2015-10-28) initialised: dm-devel@redhat.com
[   25.155479] ledtrig-cpu: registered to indicate activity on CPUs
[   25.270449] NET: Registered protocol family 10
[   25.354131] NET: Registered protocol family 17
[   25.453566] Key type dns_resolver registered
[   25.530793] microcode: CPU0 sig=0x40661, pf=0x40, revision=0x0
[   25.680527] microcode: CPU1 sig=0x40661, pf=0x40, revision=0x0
[   25.772609] microcode: Microcode Update Driver: v2.01 <tigran@aivazian.fsnet.co.uk>, Peter Oruba
[   25.915169] registered taskstats version 1
[   25.981115] Loading compiled-in X.509 certificates
[   26.003394] Loaded X.509 cert 'Build time autogenerated kernel key: 779fd75203f0d36b99b83c7328fac831ec7adf9e'
[   26.025551] zswap: loaded using pool lzo/zbud
[   26.041259] Key type trusted registered
[   26.093913] Key type encrypted registered
[   26.207424] AppArmor: AppArmor sha1 policy hashing enabled
[   26.366912] ima: No TPM chip found, activating TPM-bypass!
[   26.465746] evm: HMAC attrs: 0x1
[   26.550487]   Magic number: 5:490:436
[   26.652691] rtc_cmos rtc_cmos: setting system clock to 2017-06-07 15:25:20 UTC (1496849120)
[   26.799296] BIOS EDD facility v0.16 2004-Jun-25, 0 devices found
[   26.967619] EDD information not available.
[   27.066514] Freeing unused kernel memory: 1484K (ffffffff81f45000 - ffffffff820b8000)
[   27.112318] Write protecting the kernel read-only data: 14336k
[   27.126543] Freeing unused kernel memory: 1760K (ffff880001848000 - ffff880001a00000)
[   27.147455] Freeing unused kernel memory: 112K (ffff880001de4000 - ffff880001e00000)
Loading, please [   27.249879] random: systemd-udevd: uninitialized urandom read (16 bytes read, 4 bits of entropy available)
wait...
startin[   27.250438] random: udevadm: uninitialized urandom read (16 bytes read, 4 bits of entropy available)
g version 229
[   27.250469] random: udevadm: uninitialized urandom read (16 bytes read, 4 bits of entropy available)
[   27.250563] random: udevadm: uninitialized urandom read (16 bytes read, 4 bits of entropy available)
[   27.250599] random: udevadm: uninitialized urandom read (16 bytes read, 4 bits of entropy available)
[   27.250631] random: udevadm: uninitialized urandom read (16 bytes read, 4 bits of entropy available)
[   27.250665] random: udevadm: uninitialized urandom read (16 bytes read, 4 bits of entropy available)
[   27.250706] random: udevadm: uninitialized urandom read (16 bytes read, 4 bits of entropy available)
[   27.250739] random: udevadm: uninitialized urandom read (16 bytes read, 4 bits of entropy available)
[   27.250769] random: udevadm: uninitialized urandom read (16 bytes read, 4 bits of entropy available)
[   28.264556] e1000: Intel(R) PRO/1000 Network Driver - version 7.3.21-k8-NAPI
[   28.400306] e1000: Copyright (c) 1999-2006 Intel Corporation.
[   28.408925] Fusion MPT base driver 3.04.20
[   28.430293] Copyright (c) 1999-2008 LSI Corporation
[   28.490241] Fusion MPT SPI Host driver 3.04.20
[   28.500082] AVX version of gcm_enc/dec engaged.
[   28.506764] AES CTR mode by8 optimization enabled
[   28.676575] input: ImExPS/2 Generic Explorer Mouse as /devices/platform/i8042/serio1/input/input4
[   28.853531] e1000 0000:00:03.0 eth0: (PCI:33MHz:32-bit) 02:ed:99:f0:3e:73
[   28.970680] e1000 0000:00:03.0 eth0: Intel(R) PRO/1000 Network Connection
[   29.054893] mptbase: ioc0: Initiating bringup
[   29.141590] ioc0: LSI53C1030 A0: Capabilities={Initiator}
[   29.387072] scsi host2: ioc0: LSI53C1030 A0, FwRev=00000000h, Ports=1, MaxQ=256, IRQ=20
[   29.680937] scsi 2:0:0:0: Direct-Access     VBOX     HARDDISK         1.0  PQ: 0 ANSI: 5
[   29.893028] scsi target2:0:0: Beginning Domain Validation
[   29.961676] scsi target2:0:0: Domain Validation skipping write tests
[   30.077648] scsi target2:0:0: Ending Domain Validation
[   30.084189] scsi target2:0:0: asynchronous
[   30.180274] scsi 2:0:1:0: Direct-Access     VBOX     HARDDISK         1.0  PQ: 0 ANSI: 5
[   30.215752] scsi target2:0:1: Beginning Domain Validation
[   30.250574] scsi target2:0:1: Domain Validation skipping write tests
[   30.273841] scsi target2:0:1: Ending Domain Validation
[   30.289937] scsi target2:0:1: asynchronous
[   30.337851] sd 2:0:0:0: Attached scsi generic sg0 type 0
[   30.421830] sd 2:0:0:0: [sda] 20971520 512-byte logical blocks: (10.7 GB/10.0 GiB)
[   30.483294] sd 2:0:1:0: Attached scsi generic sg1 type 0
[   30.497598] e1000 0000:00:08.0 eth1: (PCI:33MHz:32-bit) 08:00:27:98:34:82
[   30.497602] e1000 0000:00:08.0 eth1: Intel(R) PRO/1000 Network Connection
[   30.606564] e1000 0000:00:08.0 enp0s8: renamed from eth1
[   31.008473] sd 2:0:1:0: [sdb] 20480 512-byte logical blocks: (10.5 MB/10.0 MiB)
[   31.082388] sd 2:0:0:0: [sda] Write Protect is off
[   31.229348] e1000 0000:00:03.0 enp0s3: renamed from eth0
[   31.350143] sd 2:0:1:0: [sdb] Write Protect is off
[   31.492799] sd 2:0:0:0: [sda] Incomplete mode parameter data
[   31.501420] sd 2:0:1:0: [sdb] Incomplete mode parameter data
[   31.501421] sd 2:0:1:0: [sdb] Assuming drive cache: write through
[   31.502766] sd 2:0:1:0: [sdb] Attached SCSI disk
[   31.576884] sd 2:0:0:0: [sda] Assuming drive cache: write through
[   31.577440] floppy0: no floppy controllers found
[   31.577495] work still pending
[   31.738634]  sda: sda1
[   31.809029] sd 2:0:0:0: [sda] Attached SCSI disk
Begin: Loading e[   33.229347] md: linear personality registered for level -1
ssential drivers[   33.368017] md: multipath personality registered for level -4
 ... [   33.514941] md: raid0 personality registered for level 0
[   33.665081] md: raid1 personality registered for level 1
[   33.809089] raid6: sse2x1   gen()  8552 MB/s
[   33.949892] raid6: sse2x1   xor()  7823 MB/s
[   34.105044] raid6: sse2x2   gen() 12704 MB/s
[   34.249159] raid6: sse2x2   xor()  8387 MB/s
[   34.409282] raid6: sse2x4   gen() 14158 MB/s
[   34.573460] raid6: sse2x4   xor()  9835 MB/s
[   34.668412] raid6: using algorithm sse2x4 gen() 14158 MB/s
[   34.786704] raid6: .... xor() 9835 MB/s, rmw enabled
[   34.861734] raid6: using ssse3x2 recovery algorithm
[   34.890159] xor: automatically using best checksumming function:
[   34.941183]    avx       : 22102.000 MB/sec
[   35.037126] async_tx: api initialized (async)
[   35.074213] md: raid6 personality registered for level 6
[   35.154101] md: raid5 personality registered for level 5
[   35.230459] md: raid4 personality registered for level 4
[   35.270453] md: raid10 personality registered for level 10
done.
Begin: Running /scripts/init-premount ... done.
Begin: Mounting root file system ... Begin: R[   35.447550] Btrfs loaded
unning /scripts/local-top ... done.
Begin: Running /scripts/local-premount ... Scanning for Btrfs filesystems
done.
Warning: fsck no[   35.497818] EXT4-fs (sda1): mounted filesystem with ordered data mode. Opts: (null)
t present, so skipping root file system
done.
Begin: Running /scripts/local-bottom ... done.
Begin: Running /scripts/init-bottom ... done.
[   35.717386] systemd[1]: systemd 229 running in system mode. (+PAM +AUDIT +SELINUX +IMA +APPARMOR +SMACK +SYSVINIT +UTMP +LIBCRYPTSETUP +GCRYPT +GNUTLS +ACL +XZ -LZ4 +SECCOMP +BLKID +ELFUTILS +KMOD -IDN)
[   35.960997] systemd[1]: Detected virtualization oracle.
[   35.994712] systemd[1]: Detected architecture x86-64.

Welcome to [1mUbuntu 16.04.2 LTS[0m!

[   36.057505] systemd[1]: Set hostname to <ubuntu>.
[   36.122430] systemd[1]: Initializing machine ID from random generator.
[   36.246218] systemd[1]: Installed transient /etc/machine-id file.
[   36.421018] systemd[1]: Listening on Syslog Socket.
[[0;32m  OK  [0m] Listening on Syslog Socket.
[   36.513308] systemd[1]: Reached target Swap.
[[0;32m  OK  [0m] Reached target Swap.
[   36.629405] systemd[1]: Listening on udev Control Socket.
[[0;32m  OK  [0m] Listening on udev Control Socket.
[   36.737360] systemd[1]: Listening on udev Kernel Socket.
[[0;32m  OK  [0m] Listening on udev Kernel Socket.
[   36.909551] systemd[1]: Reached target User and Group Name Lookups.
[[0;32m  OK  [0m] Reached target User and Group Name Lookups.
[   37.057875] systemd[1]: Reached target Encrypted Volumes.
[[0;32m  OK  [0m] Reached target Encrypted Volumes.
[   37.165290] systemd[1]: Listening on LVM2 poll daemon socket.
[[0;32m  OK  [0m] Listening on LVM2 poll daemon socket.
[   37.309330] systemd[1]: Listening on LVM2 metadata daemon socket.
[[0;32m  OK  [0m] Listening on LVM2 metadata daemon socket.
[   37.409378] systemd[1]: Listening on Journal Audit Socket.
[[0;32m  OK  [0m] Listening on Journal Audit Socket.
[   37.569780] systemd[1]: Listening on Device-mapper event daemon FIFOs.
[[0;32m  OK  [0m] Listening on Device-mapper event daemon FIFOs.
[   37.761379] systemd[1]: Started Trigger resolvconf update for networkd DNS.
[[0;32m  OK  [0m] Started Trigger resolvconf update for networkd DNS.
[   38.013305] systemd[1]: Listening on /dev/initctl Compatibility Named Pipe.
[[0;32m  OK  [0m] Listening on /dev/initctl Compatibility Named Pipe.
[   38.205483] systemd[1]: Set up automount Arbitrary Executable File Formats File System Automount Point.
[[0;32m  OK  [0m] Set up automount Arbitrary Executab...ats File System Automount Point.
[   38.429771] systemd[1]: Listening on Journal Socket.
[[0;32m  OK  [0m] Listening on Journal Socket.
[   38.552495] systemd[1]: Started Forward Password Requests to Wall Directory Watch.
[[0;32m  OK  [0m] Started Forward Password Requests to Wall Directory Watch.
[   38.741811] systemd[1]: Created slice System Slice.
[[0;32m  OK  [0m] Created slice System Slice.
[   38.881629] systemd[1]: Created slice system-serial\x2dgetty.slice.
[[0;32m  OK  [0m] Created slice system-serial\x2dgetty.slice.
[   39.101194] systemd[1]: Mounting POSIX Message Queue File System...
         Mounting POSIX Message Queue File System...
[   39.241394] systemd[1]: Starting Load Kernel Modules...
         Starting Load Ke[   39.304262] Loading iSCSI transport class v2.0-870.
rnel Modules...[   39.326011] iscsi: registered transport (tcp)

[   39.342124] systemd[1]: Starting Create list of required static device nodes for the current kernel...
[   39.496499] random: nonblocking pool is initialized
         Starting Create [   39.666331] iscsi: registered transport (iser)
list of required st... nodes for the current kernel...
[   39.741616] systemd[1]: Starting Set console keymap...
         Starting Set console keymap...
[   39.921633] systemd[1]: Starting Monitoring of LVM2 mirrors, snapshots etc. using dmeventd or progress polling...
         Starting Monitoring of LVM2 mirrors... dmeventd or progress polling...
[   40.121261] systemd[1]: Starting Remount Root and Kernel File Systems...
         [   40.271273] EXT4-fs (sda1): re-mounted. Opts: (null)
Starting Remount Root and Kernel File Systems...
[   40.417244] systemd[1]: Mounting Huge Pages File System...
         Mounting Huge Pages File System...
[   40.493343] systemd[1]: Mounting Debug File System...
         Mounting Debug File System...
[   40.669489] systemd[1]: Starting Nameserver information manager...
         Starting Nameserver information manager...
[   40.765683] systemd[1]: Created slice User and Session Slice.
[[0;32m  OK  [0m] Created slice User and Session Slice.
[   40.949470] systemd[1]: Reached target Slices.
[[0;32m  OK  [0m] Reached target Slices.
[   41.101258] systemd[1]: Starting Uncomplicated firewall...
         Starting Uncomplicated firewall...
[   41.233669] systemd[1]: Listening on Journal Socket (/dev/log).
[[0;32m  OK  [0m] Listening on Journal Socket (/dev/log).
[   41.413753] systemd[1]: Starting Journal Service...
         Starting Journal Service...
[   41.510845] systemd[1]: Mounted Debug File System.
[[0;32m  OK  [0m] Mounted Debug File System.
[   41.573822] systemd[1]: Mounted POSIX Message Queue File System.
[[0;32m  OK  [0m] Mounted POSIX Message Queue File System.
[   41.765337] systemd[1]: Mounted Huge Pages File System.
[[0;32m  OK  [0m] Mounted Huge Pages File System.
[   41.945378] systemd[1]: Started Journal Service.
[[0;32m  OK  [0m] Started Journal Service.
[[0;32m  OK  [0m] Started Load Kernel Modules.
[[0;32m  OK  [0m] Started Create list of required sta...ce nodes for the current kernel.
[[0;32m  OK  [0m] Started Set console keymap.
[[0;32m  OK  [0m] Started Remount Root and Kernel File Systems.
[[0;32m  OK  [0m] Started Uncomplicated firewall.
[[0;32m  OK  [0m] Started Nameserver information manager.
[[0;32m  OK  [0m] Started LVM2 metadata daemon.
         Starting udev Coldplug all Devices...
         Starting Initial cloud-init job (pre-networking)...
         Starting Load/Save Random Seed...
         Starting Create Static Device Nodes in /dev...
         Starting Apply Kernel Variables...
         Mounting FUSE Control File System...
         Starting Flush Journal to Persistent Storage...
[[0;32m  OK  [0m] Mounted FUSE Control File System.
[[0;32m  OK  [0m] Started Monitoring of LVM2 mirrors,...ng dmeventd or progress polling.
[[0;32m  OK  [0m] Started Load/Save Random Seed.
[[0;32m  OK  [0m] Started Create Static Device Nodes in /dev.
[[0;32m  OK  [0m] Started Apply Kernel Variables.
[[0;32m  OK  [0m] Started udev Coldplug all Devices.
[[0;32m  OK  [0m] Started Flush Journal to Persistent Storage.
         Starting udev Kernel Device Manager...
[[0;32m  OK  [0m] Started udev Kernel Device Manager.
[   26.786911] cloud-init[445]: Cloud-init v. 0.7.9 running 'init-local' at Wed, 07 Jun 2017 15:25:36 +0000. Up 26.57 seconds.
[[0;32m  OK  [0m] Started Dispatch Password Requests to Console Directory Watch.
[[0;32m  OK  [0m] Reached target Local File Systems (Pre).
[[0;32m  OK  [0m] Reached target Local File Systems.
         Starting Set console font and keymap...
         Starting Create Volatile Files and Directories...
         Starting Tell Plymouth To Write Out Runtime Data...
         Starting LSB: AppArmor initialization...
         Starting Commit a transient machine-id on disk...
[[0;32m  OK  [0m] Started Set console font and keymap.
[[0;32m  OK  [0m] Started Create Volatile Files and Directories.
[[0;32m  OK  [0m] Started Tell Plymouth To Write Out Runtime Data.
[[0;32m  OK  [0m] Started Commit a transient machine-id on disk.
[[0;32m  OK  [0m] Started Initial cloud-init job (pre-networking).
[[0;32m  OK  [0m] Found device /dev/ttyS0.
[[0;32m  OK  [0m] Listening on Load/Save RF Kill Switch Status /dev/rfkill Watch.
[[0;32m  OK  [0m] Reached target Network (Pre).
         Starting Update UTMP about System Boot/Shutdown...
[[0;32m  OK  [0m] Reached target System Time Synchronized.
[[0;32m  OK  [0m] Created slice system-getty.slice.
[[0;32m  OK  [0m] Started LSB: AppArmor initialization.
[[0;32m  OK  [0m] Started Update UTMP about System Boot/Shutdown.
[[0;32m  OK  [0m] Started ifup for enp0s3.
         Starting Raise network interfaces...
[[0;32m  OK  [0m] Started Raise network interfaces.
         Starting Initial cloud-init job (metadata service crawler)...
[[0;32m  OK  [0m] Reached target Network.
[   30.613647] cloud-init[965]: Cloud-init v. 0.7.9 running 'init' at Wed, 07 Jun 2017 15:25:40 +0000. Up 30.26 seconds.
[   30.692415] [cloud-init[0;32m  OK  [0m[965]: ] ci-info: ++++++++++++++++++++++++++++++++++++++Net device info++++++++++++++++++++++++++++++++++++++Started Initial cloud-init job (metadata service crawler).

[   30.692887] cloud-init[965]: ci-info: +--------+-------+----------------------------+---------------+-------+-------------------+
[   30.791203] [[0;32m  OK  [0m] Reached target Network is Online.
cloud-init[965]: ci-info: | Device |   Up  |          Address           |      Mask     | Scope |     Hw-Address    |
[   30.840566]          cloud-initStarting iSCSI initiator daemon (iscsid)...[965]: 
ci-info: +--------+-------+----------------------------+---------------+-------+-------------------+
[   30.968286] [cloud-init[0;32m  OK  [0m[965]: ] ci-info: | enp0s3 |  True |         10.0.2.15          | 255.255.255.0 |   .   | 02:ed:99:f0:3e:73 |Reached target Cloud-config availability.

[[0;32m  OK  [0m] Reached target System Initialization.
[   30.968711] cloud-init[965]: ci-info: | enp0s3 |  True | fe80::ed:99ff:fef0:3e73/64 |       .       |  link | 02:ed:99:f0:3e:73 |
[   31.223609] [cloud-init[0;32m  OK  [0m[965]: ] ci-info: | enp0s8 | False |             .              |       .       |   .   | 08:00:27:98:34:82 |Started ACPI Events Check.

[[0;32m  OK  [0m] Reached target Paths.
[   31.224079] cloud-init[965]: ci-info: |   lo   |  True |         127.0.0.1          |   255.0.0.0   |   .   |         .         |
[   31.440309] [cloud-init[0;32m  OK  [0m[965]: ] ci-info: |   lo   |  True |          ::1/128           |       .       |  host |         .         |Started Daily apt activities.

[   31.440736]          Starting LXD - unix socket.
[[0;32m  OK  [0m] Listening on D-Bus System Message Bus Socket.
         Starting Socket activation for snappy daemon.
[[0;32m  OK  [0m] Started Timer to automatically refresh installed snaps.
[[0;32m  OK  [0m] Listening on ACPID Listen Socket.
cloud-init[965]: ci-info: +--------+-------+----------------------------+---------------+-------+-------------------+
[   31.808378] [cloud-init[0;32m  OK  [0m[965]: ] ci-info: +++++++++++++++++++++++++++Route IPv4 info++++++++++++++++++++++++++++Listening on UUID daemon activation socket.

[   31.808899] [cloud-init[0;32m  OK  [0m[965]: ] ci-info: +-------+-------------+----------+---------------+-----------+-------+Started Daily Cleanup of Temporary Directories.

[   32.000357] [cloud-init[0;32m  OK  [0m[965]: ] ci-info: | Route | Destination | Gateway  |    Genmask    | Interface | Flags |Reached target Timers.

[   32.000767] cloud-init[965]: ci-info: +-------+-------------+----------+---------------+-----------+-------+
[   32.098149] [[0;32m  OK  [0m] Listening on LXD - unix socket.
cloud-init[965]: ci-info: |   0   |   0.0.0.0   | 10.0.2.2 |    0.0.0.0    |   enp0s3  |   UG  |
[[0;32m  OK  [0m] Listening on Socket activation for snappy daemon.
[[0;32m  OK  [0m] Started iSCSI initiator daemon (iscsid).
[   32.098960] cloud-init[965]: ci-info: |   1   |   10.0.2.0  | 0.0.0.0  | 255.255.255.0 |   enp0s3  |   U   |
[   32.224509]          cloud-initStarting Login to default iSCSI targets...[965]: 
ci-info: +-------+-------------+----------+---------------+-----------+-------+
[   32.300663] [cloud-init[0;32m  OK  [0m[965]: ] Generating public/private rsa key pair.Reached target Sockets.

[[0;32m  OK  [0m] Reached target Basic System.
[   32.301039] cloud-init[965]: Your identification has been saved in /etc/ssh/ssh_host_rsa_key.
[   32.492843] [cloud-init[0;32m  OK  [0m[965]: ] Your public key has been saved in /etc/ssh/ssh_host_rsa_key.pub.Started ACPI event daemon.

[   32.493275] cloud-init[965]: The key fingerprint is:
[   32.636322]          cloud-initStarting Apply the settings specified in cloud-config...[965]: 
SHA256:/2/7YSZkWcfxJ1zHhGkqxy1MGai1j7ywrsBQrzTxVOo root@ubuntu-xenial
[   32.719503]          cloud-initStarting System Logging Service...[965]: 
The key's randomart image is:
[   32.719995] cloud-init[965]: +---[RSA 2048]----+
[   32.754522] cloud-init[965]: |        .  ..o *+|
[   32.774321]          Starting LSB: Record successful boot for GRUB...
cloud-init[965]: |       o  o o.+o=|
[   32.826294]          cloud-initStarting LXD - container startup/shutdown...[965]: 
|    o o  o = +o.=|
[   32.848912] [cloud-init[0;32m  OK  [0m[965]: ] |   . *  . o * +.o|Started FUSE filesystem for LXC.

[   32.849501] cloud-init[965]: |  . o E S. = =   |
[   32.928524]          cloud-initStarting LSB: MD monitoring daemon...[965]: 
|   + o  ..o +    |
[   32.972354] [cloud-init[0;32m  OK  [0m[965]: ] |    +    o.. . + |Started Snappy daemon.

[   32.972911] cloud-init[965]: |     .  . ..  = .|
[   33.037288] cloud-init[965]: |      .o.   .ooo.|
[[0;32m  OK  [0m] Started Deferred execution scheduler.
[   33.037750] cloud-init[965]: +----[SHA256]-----+
[   33.108351] [cloud-init[0;32m  OK  [0m[965]: ] Generating public/private dsa key pair.Started D-Bus System Message Bus.

[   33.108830] cloud-init[965]: Your identification has been saved in /etc/ssh/ssh_host_dsa_key.
[   33.236455] [cloud-init[0;32m  OK  [0m[965]: ] Your public key has been saved in /etc/ssh/ssh_host_dsa_key.pub.Started Regular background program processing daemon.

[   33.236855] cloud-init[965]: The key fingerprint is:
[   33.412828]          cloud-initStarting /etc/rc.local Compatibility...[965]: 
SHA256:7Ro/VwbG/Dn9txm982IhZuoJ/hsl9mAPMiToBwCbzPM root@ubuntu-xenial
[[0;32m  OK  [0m] Started Unattended Upgrades Shutdown.
[   33.413396] cloud-init[965]: The key's randomart image is:
[   33.620290]          cloud-initStarting Pollinate to seed the pseudo random number generator...[965]: 
+---[DSA 1024]----+
[   33.620775] cloud-init[965]: |...              |
[   33.732559]          cloud-initStarting Auto import assertions from block devices...[965]: 
|oo . .           |
[   33.782975]          cloud-initStarting Accounts Service...[965]: 
|o+  o . .  o     |
[   33.799487] cloud-init[965]: |  o. . o .  =    |
[   33.840866]          cloud-initStarting Login Service...[965]: 
|   E. . S B..o o |
[[0;32m  OK  [0m] Started System Logging Service.
[   33.896396] cloud-init[965]: |     .   * B+ B o|
[   33.964331] cloud-init[965]: |        o o+o+ +o|
[[0;32m  OK  [0m] Started LXD - container startup/shutdown.
[   33.964911] cloud-init[965]: |       . =oo. o.*|
[[0;32m  OK  [0m] Started /etc/rc.local Compatibility.
[   34.054896] cloud-init[965]: |        oo*+ . =*|
[[0;32m  OK  [0m] Started Pollinate to seed the pseudo random number generator.
[[0;32m  OK  [0m] Started Auto import assertions from block devices.
[   34.123018] cloud-init[965]: +----[SHA256]-----+
[   34.238324] cloud-init[965]: Generating public/private ecdsa key pair.
[   34.276844] [cloud-init[0;32m  OK  [0m[965]: ] Your identification has been saved in /etc/ssh/ssh_host_ecdsa_key.Started Login to default iSCSI targets.

[   34.277578] cloud-init[965]: Your public key has been saved in /etc/ssh/ssh_host_ecdsa_key.pub.
[[0;32m  OK  [0m] Started LSB: Record successful boot for GRUB.
[   34.364419] cloud-init[965]: The key fingerprint is:
[[0;32m  OK  [0m] Started LSB: MD monitoring daemon.
[   34.388231] cloud-init[965]: SHA256:nJ4OryxCGAbrOOSaiOw/NOiEWy4rx2FMCIC/FYxIS2I root@ubuntu-xenial
[[0;32m  OK  [0m] Started Login Service.
[   34.476912] cloud-init[965]: The key's randomart image is:
[   34.524576]          cloud-initStarting Authenticate and Authorize Users to Run Privileged Tasks...[965]: 
+---[ECDSA 256]---+
[[0;32m  OK  [0m] Reached target Remote File Systems (Pre).
[[0;32m  OK  [0m] Reached target Remote File Systems.
[   34.561609] cloud-init[965]: |*E o             |
         Starting LSB: Set the CPU Frequency Scaling governor to "ondemand"...
[   34.652711] cloud-init[965]: |O o o            |
[   34.712481]          cloud-initStarting Permit User Sessions...[965]: 
|o=   .           |
[   34.739627] cloud-init[965]: |+oo .  . .       |
[   34.740229] cloud-init[965]: |B=.o    S        |
         Starting LSB: VirtualBox Linux Additions...
[   34.740416] cloud-init[965]: |==Bo   . .       |
[   34.841235] cloud-init[965]: |BX... . o        |
[   34.841626] cloud-init[965]: |Oo=... +         |
         Starting LSB: daemon to balance interrupts for SMP systems...
[   34.841840] cloud-init[965]: |+=.o..o.o        |
[   34.957194] cloud-init[965]: +----[SHA256]-----+
[   34.957536] cloud-init[965]: Generating public/private ed25519 key pair.
[   34.957727] cloud-init[965]: Your identification has been saved in /etc/ssh/ssh_host_ed25519_key.
[   34.957921] cloud-init[965]: Your public key has been saved in /etc/ssh/ssh_host_ed25519_key.pub.
[   34.958109] cloud-init[965]: The key fingerprint is:
         Starting LSB: automatic crash report generation...
[   34.958348] cloud-init[965]: SHA256:3tAPQDHaTKPLe8vH6n8tjTvcIINh4eRMQs609X+dsCc root@ubuntu-xenial
[   35.109164] cloud-init[965]: The key's randomart image is:
[[0;32m  OK  [0m] Stopped OpenBSD Secure Shell server.
[   35.109274] cloud-init[965]: +--[ED25519 256]--+
         Starting OpenBSD Secure Shell server...
[[0;32m  OK  [0m] Started OpenBSD Secure Shell server.
[   35.233071] cloud-init[965]: |     .o B.       |
[   35.329337] cloud-init[965]: |     +.X++       |
[   35.329612] cloud-init[965]: |      *B+..  .   |
[[0;32m  OK  [0m] Started Permit User Sessions.
[   35.329812] cloud-init[965]: |     . .*o .  o..|
[   35.488520] cloud-init[965]: |      o.Soo .E.o.|
[   35.488773] cloud-init[965]: |       o.ooo..o  |
[[0;32m  OK  [0m] Started Authenticate and Authorize Users to Run Privileged Tasks.
[   35.488892] cloud-init[965]: |      . o..+.*   |
[   35.656662] cloud-init[965]: |       o .o * +  |
[[0;32m  OK  [0m] Started Apply the settings specified in cloud-config.
[   35.657419] cloud-init[965]: |       .=+...+   |
[[   35.772506] cloud-init[965]: +----[SHA256]-----+
[0;32m  OK  [0m] Started Accounts Service.
[   35.774601] cloud-init[1068]: Generating locales (this might take a while)...
[[   35.900387] cloud-init[1068]:   en_US.UTF-8... done
[   35.900856] cloud-init[1068]: Generation complete.
[   35.900997] cloud-init[1068]: Cloud-init v. 0.7.9 running 'modules:config' at Wed, 07 Jun 2017 15:25:43 +0000. Up 32.94 seconds.
[0;32m  OK  [0m] Started LSB: Set the CPU Frequency Scaling governor to "ondemand".
[[0;32m  OK  [0m] Created slice User Slice of ubuntu.
         Starting User Manager for UID 1000...
[[0;32m  OK  [0m] Started Session 1 of user ubuntu.
         Starting Terminate Plymouth Boot Screen...
         Starting Hold until boot process finishes up...
[[0;32m  OK  [0m] Started User Manager for UID 1000.
[[0;32m  OK  [0m] Started LSB: VirtualBox Linux Additions.
[[0;32m  OK  [0m] Started LSB: daemon to balance interrupts for SMP systems.
[[0;32m  OK  [0m] Started LSB: automatic crash report generation.
[[0;32m  OK  [0m] Started Terminate Plymouth Boot Screen.
[[0;32m  OK  [0m] Started Hold until boot process finishes up.
[[0;32m  OK  [0m] Started Getty on tty1.
         Starting Set console scheme...
[[0;32m  OK  [0m] Started Serial Getty on ttyS0.
[[0;32m  OK  [0m] Reached target Login Prompts.
[[0;32m  OK  [0m] Reached target Multi-User System.
         Starting Execute cloud user/final scripts...
[[0;32m  OK  [0m] Reached target Graphical Interface.
         Starting Update UTMP about System Runlevel Changes...
[[0;32m  OK  [0m] Started Set console scheme.
[[0;32m  OK  [0m] Started Update UTMP about System Runlevel Changes.
ci-info: no authorized ssh keys fingerprints found for user ubuntu.
<14>Jun  7 15:25:47 ec2: 
<14>Jun  7 15:25:47 ec2: #############################################################
<14>Jun  7 15:25:47 ec2: -----BEGIN SSH HOST KEY FINGERPRINTS-----
<14>Jun  7 15:25:47 ec2: 1024 SHA256:7Ro/VwbG/Dn9txm982IhZuoJ/hsl9mAPMiToBwCbzPM root@ubuntu-xenial (DSA)
<14>Jun  7 15:25:47 ec2: 256 SHA256:nJ4OryxCGAbrOOSaiOw/NOiEWy4rx2FMCIC/FYxIS2I root@ubuntu-xenial (ECDSA)
<14>Jun  7 15:25:47 ec2: 256 SHA256:3tAPQDHaTKPLe8vH6n8tjTvcIINh4eRMQs609X+dsCc root@ubuntu-xenial (ED25519)
<14>Jun  7 15:25:47 ec2: 2048 SHA256:/2/7YSZkWcfxJ1zHhGkqxy1MGai1j7ywrsBQrzTxVOo root@ubuntu-xenial (RSA)
<14>Jun  7 15:25:47 ec2: -----END SSH HOST KEY FINGERPRINTS-----
<14>Jun  7 15:25:47 ec2: #############################################################
-----BEGIN SSH HOST KEY KEYS-----
ecdsa-sha2-nistp256 AAAAE2VjZHNhLXNoYTItbmlzdHAyNTYAAAAIbmlzdHAyNTYAAABBBP79VnwYv/9wA3RA+EBoICQek7ddpzgnfxSCJ/mQWf/jNdMQvJAS1qwYupbJ4c4O6LXrxk4L2P55OGQteqpDAPA= root@ubuntu-xenial
ssh-ed25519 AAAAC3NzaC1lZDI1NTE5AAAAIGYtPRSPojXXqux8xPFMHY9aS9QIC7o0xi/03u0jGDzs root@ubuntu-xenial
ssh-rsa AAAAB3NzaC1yc2EAAAADAQABAAABAQDcAjFA+Tf2uo2cZ3mILWMTz3FacUloUrD2pIeyxoMW7rwEPVuypgLMFfjv2U/Pg5oitpFNhjUokC4rAOZIpJdF9cPCs3v1Q0iOTB1jzxDy2RHRHaUdFZP5pdMvCUU84Wav5Xi0UVSDQC2V66k7pjm1SFbZ1/haC+T40SpfVOFy/MRYxfqZX219dimRHX678RhraTnChOwzrIdAaVhm3VlYQ1i6Pxi9UGMI9D1gXOL8xNvX6cjeULhYemM540jKGzna/tHLUrousPw+2RgGNz0RWBG2KbD9K7xb5Tvi6gLiuCm8pkK5+R8EFj0oa2wWBn4BTHekpqcUCPVk4iK11H73 root@ubuntu-xenial
-----END SSH HOST KEY KEYS-----
[   38.074456] cloud-init[1331]: Cloud-init v. 0.7.9 running 'modules:final' at Wed, 07 Jun 2017 15:25:47 +0000. Up 37.08 seconds.
[   38.160761] cloud-init[1331]: ci-info: no authorized ssh keys fingerprints found for user ubuntu.
[   38.204411] [cloud-init[0;32m  OK  [0m[1331]: ] Cloud-init v. 0.7.9 finished at Wed, 07 Jun 2017 15:25:48 +0000. Datasource DataSourceNoCloud [seed=/dev/sdb][dsmode=net].  Up 38.06 secondsStarted Execute cloud user/final scripts.

[[0;32m  OK  [0m] Reached target Cloud-init target.

Ubuntu 16.04.2 LTS c1 ttyS0

c1 login: 